       Mon 24 Tue 25 Wed 26 Thu 27 Fri 28 Sat 29
         2      1      9      2      1      8   
         1      9      2      1      8      7   
         9      2      1      8      7      6   


Sun 30 Mon 31 Tue 1  Wed 2  Thu 3  Fri 4  Sat 5 
  7      6      9      3      0      12     3   
  6      9      3      0      12     3      3   
  9      3      0      12     3      3      11  


Sun 6  Mon 7  Tue 8  Wed 9  Thu 10 Fri 11 Sat 12
  3      11     10     10     11     11     11  
  11     10     10     11     11     11     11  
  10     10     11     11     11     11     2   


Sun 13 Mon 14 Tue 15 Wed 16 Thu 17 Fri 18 Sat 19
  11     2      1      10     2      2      8   
  2      1      10     2      2      8      6   
  1      10     2      2      8      6      6   


Sun 20 Mon 21 Tue 22 Wed 23 Thu 24 Fri 25 Sat 26
  6      6      8      3      2      8      3   
  6      8      3      2      8      3      3   
  8      3      2      8      3      3      9   


Sun 27 Mon 28 Tue 29 Wed 30 Thu 1  Fri 2  Sat 3 
  3      9      7      7      7      7      6   
  9      7      7      7      7      6      9   
  7      7      7      7      6      9      2   


Sun 4  Mon 5  Tue 6  Wed 7  Thu 8  Fri 9  Sat 10
  9      2      1      9      2      2      8   
  2      1      9      2      2      8      7   
  1      9      2      2      8      7      7   


Sun 11 Mon 12 Tue 13 Wed 14 Thu 15 Fri 16 Sat 17
  7      7      9      2      2      10     3   
  7      9      2      2      10     3      4   
  9      2      2      10     3      4      11  


Sun 18 Mon 19 Tue 20 Wed 21 Thu 22 Fri 23 Sat 24
  4      11     8      8      8      8      8   
  11     8      8      8      8      8      10  
  8      8      8      8      8      10     2   


Sun 25 Mon 26 Tue 27 Wed 28 Thu 29 Fri 30 Sat 31
  10     2      1      8      1      1      7   
  2      1      8      1      1      7      6   
  1      8      1      1      7      6      6   

